locationkit/build/intermediates/manifest_merge_blame_file/debug/manifest-merger-blame-debug-report.txt
1<?xml version="1.0" encoding="utf-8"?>
2<!-- Copyright (c) 2022 NetEase, Inc. All rights reserved. -->
3<!-- Use of this source code is governed by a MIT license that can be -->
4<!-- found in the LICENSE file. -->
5<manifest xmlns:android="http://schemas.android.com/apk/res/android"
6    package="com.netease.yunxin.kit.locationkit" >
7
8    <uses-sdk android:minSdkVersion="21" />
8-->src/main/AndroidManifest.xml
9
10    <queries>
10-->src/main/AndroidManifest.xml:9:5-11:15
11        <package android:name="com.autonavi.minimap" />
11-->src/main/AndroidManifest.xml:10:9-55
11-->src/main/AndroidManifest.xml:10:18-53
12    </queries>
13
14    <application android:allowNativeHeapPointerTagging="false" />
14-->src/main/AndroidManifest.xml:12:5-65
14-->src/main/AndroidManifest.xml:12:18-63
15
16</manifest>